2025-09-11 12:21:05,710 [INFO] Thread-1 (get_product_in_category) undetected_chromedriver.patcher: patching driver executable C:\Users\PC\appdata\roaming\undetected_chromedriver\undetected_chromedriver.exe
2025-09-11 12:21:09,142 [INFO] Thread-1 (get_product_in_category) __main__: [Thread 0] Bắt đầu lấy sản phẩm trong category: https://shopee.vn/mall/Thể-Thao-Du-Lịch-cat.11035478
2025-09-11 12:21:09,781 [INFO] Thread-2 (get_product_in_category) __main__: [Thread 1] Bắt đầu lấy sản phẩm trong category: https://shopee.vn/mall/Máy-tính-Laptop-cat.11035954
2025-09-11 12:21:10,722 [INFO] Thread-3 (get_product_in_category) __main__: [Thread 2] Bắt đầu lấy sản phẩm trong category: https://shopee.vn/mall/Mẹ-Bé-cat.11036194
2025-09-11 12:21:11,903 [INFO] Thread-4 (get_product_in_category) __main__: [Thread 3] Bắt đầu lấy sản phẩm trong category: https://shopee.vn/mall/Phụ-Kiện-Trang-Sức-Nữ-cat.11035853
2025-09-11 12:21:13,391 [INFO] Thread-5 (get_product_in_category) __main__: [Thread 4] Bắt đầu lấy sản phẩm trong category: https://shopee.vn/mall/Thời-Trang-Nam-cat.11035567
2025-09-11 12:21:16,932 [INFO] Thread-1 (get_product_in_category) funcs.load_cookies_to_driver: Đã load 37 cookies vào driver (từ data/cookies.json)
2025-09-11 12:21:17,229 [INFO] Thread-2 (get_product_in_category) funcs.load_cookies_to_driver: Đã load 37 cookies vào driver (từ data/cookies.json)
2025-09-11 12:21:17,466 [INFO] Thread-3 (get_product_in_category) funcs.load_cookies_to_driver: Đã load 37 cookies vào driver (từ data/cookies.json)
2025-09-11 12:21:17,952 [INFO] Thread-4 (get_product_in_category) funcs.load_cookies_to_driver: Đã load 37 cookies vào driver (từ data/cookies.json)
2025-09-11 12:21:18,153 [INFO] Thread-5 (get_product_in_category) funcs.load_cookies_to_driver: Đã load 37 cookies vào driver (từ data/cookies.json)
2025-09-11 12:22:38,427 [WARNING] Thread-5 (get_product_in_category) urllib3.connectionpool: Retrying (Retry(total=2, connect=None, read=None, redirect=None, status=None)) after connection broken by 'ConnectionResetError(10054, 'An existing connection was forcibly closed by the remote host', None, 10054, None)': /session/86e15af35a8b2689b1e425575039aee8/element/f.5C93569A69AB9F83AF3CE87DD6866D53.d.C84FB6FCB155B0F6DF3CC941FCE81744.e.239/text
2025-09-11 12:22:38,434 [WARNING] Thread-4 (get_product_in_category) urllib3.connectionpool: Retrying (Retry(total=2, connect=None, read=None, redirect=None, status=None)) after connection broken by 'ConnectionResetError(10054, 'An existing connection was forcibly closed by the remote host', None, 10054, None)': /session/5b8bc77659e02217be87d61c64572183/element/f.EB1ADF582D9CC832D4521C6CF06F6657.d.A7C05F313CA30AB9B765F3B2C25476A1.e.250/text
2025-09-11 12:22:38,441 [WARNING] Thread-3 (get_product_in_category) urllib3.connectionpool: Retrying (Retry(total=2, connect=None, read=None, redirect=None, status=None)) after connection broken by 'ConnectionResetError(10054, 'An existing connection was forcibly closed by the remote host', None, 10054, None)': /session/41621499093a6c8cb66b1665db90d1c9/element/f.E53BAC5FB591E10556555B0526FA3888.d.D29E8DBFEFCD3D9AE7F8824CFCD03959.e.112/text
2025-09-11 12:22:38,448 [WARNING] Thread-2 (get_product_in_category) urllib3.connectionpool: Retrying (Retry(total=2, connect=None, read=None, redirect=None, status=None)) after connection broken by 'ConnectionResetError(10054, 'An existing connection was forcibly closed by the remote host', None, 10054, None)': /session/56adf556dc5ee5d115eaef40e3fff93e/element/f.D84D42095EB00523FE0602D6EF7B6A13.d.6D666EDFAF1667DB5C9D597162C9D971.e.77/text
2025-09-11 12:22:38,455 [WARNING] Thread-1 (get_product_in_category) urllib3.connectionpool: Retrying (Retry(total=2, connect=None, read=None, redirect=None, status=None)) after connection broken by 'ConnectionResetError(10054, 'An existing connection was forcibly closed by the remote host', None, 10054, None)': /session/35fc4e87825da53fb3e96c5c060fe131/element/f.8F5592535507B932137B6B967FDFD351.d.AAC658FE1875CEEDEA90F642ACB7F09D.e.107/text
2025-09-11 12:44:06,203 [INFO] Thread-1 (get_product_in_category) undetected_chromedriver.patcher: patching driver executable C:\Users\PC\appdata\roaming\undetected_chromedriver\undetected_chromedriver.exe
2025-09-11 12:44:10,231 [INFO] Thread-1 (get_product_in_category) __main__: [Thread 0] Bắt đầu lấy sản phẩm trong category: https://shopee.vn/mall/Thể-Thao-Du-Lịch-cat.11035478
2025-09-11 12:44:10,837 [INFO] Thread-2 (get_product_in_category) __main__: [Thread 1] Bắt đầu lấy sản phẩm trong category: https://shopee.vn/mall/Máy-tính-Laptop-cat.11035954
2025-09-11 12:44:11,854 [INFO] Thread-3 (get_product_in_category) __main__: [Thread 2] Bắt đầu lấy sản phẩm trong category: https://shopee.vn/mall/Mẹ-Bé-cat.11036194
2025-09-11 12:49:30,659 [INFO] Thread-1 (get_product_in_category) undetected_chromedriver.patcher: patching driver executable C:\Users\PC\appdata\roaming\undetected_chromedriver\undetected_chromedriver.exe
2025-09-11 12:49:34,237 [INFO] Thread-1 (get_product_in_category) __main__: [Thread 0] Bắt đầu lấy sản phẩm trong category: https://shopee.vn/mall/Thể-Thao-Du-Lịch-cat.11035478
2025-09-11 12:49:34,832 [INFO] Thread-2 (get_product_in_category) __main__: [Thread 1] Bắt đầu lấy sản phẩm trong category: https://shopee.vn/mall/Máy-tính-Laptop-cat.11035954
2025-09-11 12:49:35,828 [INFO] Thread-3 (get_product_in_category) __main__: [Thread 2] Bắt đầu lấy sản phẩm trong category: https://shopee.vn/mall/Mẹ-Bé-cat.11036194
2025-09-11 12:49:36,994 [INFO] Thread-4 (get_product_in_category) __main__: [Thread 3] Bắt đầu lấy sản phẩm trong category: https://shopee.vn/mall/Phụ-Kiện-Trang-Sức-Nữ-cat.11035853
2025-09-11 12:49:38,470 [INFO] Thread-5 (get_product_in_category) __main__: [Thread 4] Bắt đầu lấy sản phẩm trong category: https://shopee.vn/mall/Thời-Trang-Nam-cat.11035567
2025-09-11 12:49:42,066 [INFO] Thread-1 (get_product_in_category) funcs.load_cookies_to_driver: Đã load 37 cookies vào driver (từ data/cookies.json)
2025-09-11 12:49:42,614 [INFO] Thread-2 (get_product_in_category) funcs.load_cookies_to_driver: Đã load 37 cookies vào driver (từ data/cookies.json)
2025-09-11 12:49:42,682 [INFO] Thread-3 (get_product_in_category) funcs.load_cookies_to_driver: Đã load 37 cookies vào driver (từ data/cookies.json)
2025-09-11 12:49:43,555 [INFO] Thread-4 (get_product_in_category) funcs.load_cookies_to_driver: Đã load 37 cookies vào driver (từ data/cookies.json)
2025-09-11 12:49:43,735 [INFO] Thread-5 (get_product_in_category) funcs.load_cookies_to_driver: Đã load 37 cookies vào driver (từ data/cookies.json)
2025-09-11 12:51:07,605 [INFO] Thread-1 (get_product_in_category) undetected_chromedriver.patcher: patching driver executable C:\Users\PC\appdata\roaming\undetected_chromedriver\undetected_chromedriver.exe
2025-09-11 12:51:10,826 [INFO] Thread-1 (get_product_in_category) __main__: [Thread 0] Bắt đầu lấy sản phẩm trong category: https://shopee.vn/mall/Thể-Thao-Du-Lịch-cat.11035478
2025-09-11 12:51:11,415 [INFO] Thread-2 (get_product_in_category) __main__: [Thread 1] Bắt đầu lấy sản phẩm trong category: https://shopee.vn/mall/Máy-tính-Laptop-cat.11035954
2025-09-11 12:51:12,751 [INFO] Thread-3 (get_product_in_category) __main__: [Thread 2] Bắt đầu lấy sản phẩm trong category: https://shopee.vn/mall/Mẹ-Bé-cat.11036194
2025-09-11 12:51:14,105 [INFO] Thread-4 (get_product_in_category) __main__: [Thread 3] Bắt đầu lấy sản phẩm trong category: https://shopee.vn/mall/Phụ-Kiện-Trang-Sức-Nữ-cat.11035853
2025-09-11 12:51:14,846 [INFO] Thread-5 (get_product_in_category) __main__: [Thread 4] Bắt đầu lấy sản phẩm trong category: https://shopee.vn/mall/Thời-Trang-Nam-cat.11035567
2025-09-11 12:51:18,514 [INFO] Thread-2 (get_product_in_category) funcs.load_cookies_to_driver: Đã load 38 cookies vào driver (từ data/cookies.json)
2025-09-11 12:51:18,560 [INFO] Thread-1 (get_product_in_category) funcs.load_cookies_to_driver: Đã load 38 cookies vào driver (từ data/cookies.json)
2025-09-11 12:51:20,029 [INFO] Thread-3 (get_product_in_category) funcs.load_cookies_to_driver: Đã load 38 cookies vào driver (từ data/cookies.json)
2025-09-11 12:51:20,347 [INFO] Thread-4 (get_product_in_category) funcs.load_cookies_to_driver: Đã load 38 cookies vào driver (từ data/cookies.json)
2025-09-11 12:51:20,589 [INFO] Thread-5 (get_product_in_category) funcs.load_cookies_to_driver: Đã load 38 cookies vào driver (từ data/cookies.json)
2025-09-11 12:51:52,539 [INFO] Thread-5 (get_product_in_category) __main__: [Thread 4] Category: https://shopee.vn/mall/Thời-Trang-Nam-cat.11035567 - Page 1 - Found 0 products
2025-09-11 12:51:54,929 [INFO] Thread-4 (get_product_in_category) __main__: [Thread 3] Category: https://shopee.vn/mall/Phụ-Kiện-Trang-Sức-Nữ-cat.11035853 - Page 1 - Found 0 products
2025-09-11 12:52:00,340 [INFO] Thread-5 (get_product_in_category) funcs.load_cookies_to_driver: Đã load 38 cookies vào driver (từ data/cookies.json)
2025-09-11 12:52:03,795 [INFO] Thread-4 (get_product_in_category) funcs.load_cookies_to_driver: Đã load 38 cookies vào driver (từ data/cookies.json)
2025-09-11 12:52:37,794 [WARNING] Thread-3 (get_product_in_category) urllib3.connectionpool: Retrying (Retry(total=2, connect=None, read=None, redirect=None, status=None)) after connection broken by 'ConnectionResetError(10054, 'An existing connection was forcibly closed by the remote host', None, 10054, None)': /session/f5d7c24a35bf04b57e5c4f7028bebc34/element/f.E0D4E6F0FA5F394C383A54B3B5AEF27C.d.AD12917BA0837E89094FA2E764C846F8.e.53/text
2025-09-11 12:52:37,807 [WARNING] Thread-1 (get_product_in_category) urllib3.connectionpool: Retrying (Retry(total=2, connect=None, read=None, redirect=None, status=None)) after connection broken by 'ConnectionResetError(10054, 'An existing connection was forcibly closed by the remote host', None, 10054, None)': /session/6f3b0633a2d7780018c9018bde529faf/element/f.525D037E3A757023FA31232B111873A1.d.C1AA0BD5072CA9565D44E7568D06EF5E.e.84/text
2025-09-11 12:54:11,488 [INFO] Thread-1 (get_product_in_category) undetected_chromedriver.patcher: patching driver executable C:\Users\PC\appdata\roaming\undetected_chromedriver\undetected_chromedriver.exe
2025-09-11 12:54:14,614 [INFO] Thread-1 (get_product_in_category) __main__: [Thread 0] Bắt đầu lấy sản phẩm trong category: https://shopee.vn/mall/Thể-Thao-Du-Lịch-cat.11035478
2025-09-11 12:54:15,232 [INFO] Thread-2 (get_product_in_category) __main__: [Thread 1] Bắt đầu lấy sản phẩm trong category: https://shopee.vn/mall/Máy-tính-Laptop-cat.11035954
2025-09-11 12:54:16,193 [INFO] Thread-3 (get_product_in_category) __main__: [Thread 2] Bắt đầu lấy sản phẩm trong category: https://shopee.vn/mall/Mẹ-Bé-cat.11036194
2025-09-11 12:54:17,864 [INFO] Thread-4 (get_product_in_category) __main__: [Thread 3] Bắt đầu lấy sản phẩm trong category: https://shopee.vn/mall/Phụ-Kiện-Trang-Sức-Nữ-cat.11035853
2025-09-11 12:54:18,726 [INFO] Thread-5 (get_product_in_category) __main__: [Thread 4] Bắt đầu lấy sản phẩm trong category: https://shopee.vn/mall/Thời-Trang-Nam-cat.11035567
2025-09-11 12:54:21,679 [INFO] Thread-1 (get_product_in_category) funcs.load_cookies_to_driver: Đã load 38 cookies vào driver (từ data/cookies.json)
2025-09-11 12:54:23,258 [INFO] Thread-2 (get_product_in_category) funcs.load_cookies_to_driver: Đã load 38 cookies vào driver (từ data/cookies.json)
2025-09-11 12:54:23,729 [INFO] Thread-3 (get_product_in_category) funcs.load_cookies_to_driver: Đã load 38 cookies vào driver (từ data/cookies.json)
2025-09-11 12:54:23,844 [INFO] Thread-5 (get_product_in_category) funcs.load_cookies_to_driver: Đã load 38 cookies vào driver (từ data/cookies.json)
2025-09-11 12:54:25,816 [INFO] Thread-4 (get_product_in_category) funcs.load_cookies_to_driver: Đã load 38 cookies vào driver (từ data/cookies.json)
2025-09-11 13:05:05,653 [INFO] Thread-1 (get_product_in_category) undetected_chromedriver.patcher: patching driver executable C:\Users\PC\appdata\roaming\undetected_chromedriver\undetected_chromedriver.exe
2025-09-11 13:05:09,011 [INFO] Thread-1 (get_product_in_category) __main__: [Thread 0] Bắt đầu lấy sản phẩm trong category: https://shopee.vn/mall/Thể-Thao-Du-Lịch-cat.11035478
2025-09-11 13:05:09,597 [INFO] Thread-2 (get_product_in_category) __main__: [Thread 1] Bắt đầu lấy sản phẩm trong category: https://shopee.vn/mall/Máy-tính-Laptop-cat.11035954
2025-09-11 13:05:10,585 [INFO] Thread-3 (get_product_in_category) __main__: [Thread 2] Bắt đầu lấy sản phẩm trong category: https://shopee.vn/mall/Mẹ-Bé-cat.11036194
2025-09-11 13:05:11,938 [INFO] Thread-4 (get_product_in_category) __main__: [Thread 3] Bắt đầu lấy sản phẩm trong category: https://shopee.vn/mall/Phụ-Kiện-Trang-Sức-Nữ-cat.11035853
2025-09-11 13:05:13,351 [INFO] Thread-5 (get_product_in_category) __main__: [Thread 4] Bắt đầu lấy sản phẩm trong category: https://shopee.vn/mall/Thời-Trang-Nam-cat.11035567
2025-09-11 13:05:17,427 [INFO] Thread-1 (get_product_in_category) funcs.load_cookies_to_driver: Đã load 38 cookies vào driver (từ data/cookies.json)
2025-09-11 13:05:17,605 [INFO] Thread-2 (get_product_in_category) funcs.load_cookies_to_driver: Đã load 38 cookies vào driver (từ data/cookies.json)
2025-09-11 13:05:17,698 [INFO] Thread-3 (get_product_in_category) funcs.load_cookies_to_driver: Đã load 38 cookies vào driver (từ data/cookies.json)
2025-09-11 13:05:18,214 [INFO] Thread-4 (get_product_in_category) funcs.load_cookies_to_driver: Đã load 38 cookies vào driver (từ data/cookies.json)
2025-09-11 13:05:18,435 [INFO] Thread-5 (get_product_in_category) funcs.load_cookies_to_driver: Đã load 38 cookies vào driver (từ data/cookies.json)
2025-09-11 13:06:10,314 [INFO] Thread-1 (get_product_in_category) undetected_chromedriver.patcher: patching driver executable C:\Users\PC\appdata\roaming\undetected_chromedriver\undetected_chromedriver.exe
2025-09-11 13:06:13,537 [INFO] Thread-1 (get_product_in_category) __main__: [Thread 0] Bắt đầu lấy sản phẩm trong category: https://shopee.vn/mall/Thể-Thao-Du-Lịch-cat.11035478
2025-09-11 13:06:14,144 [INFO] Thread-2 (get_product_in_category) __main__: [Thread 1] Bắt đầu lấy sản phẩm trong category: https://shopee.vn/mall/Máy-tính-Laptop-cat.11035954
2025-09-11 13:06:15,255 [INFO] Thread-3 (get_product_in_category) __main__: [Thread 2] Bắt đầu lấy sản phẩm trong category: https://shopee.vn/mall/Mẹ-Bé-cat.11036194
2025-09-11 13:06:16,849 [INFO] Thread-4 (get_product_in_category) __main__: [Thread 3] Bắt đầu lấy sản phẩm trong category: https://shopee.vn/mall/Phụ-Kiện-Trang-Sức-Nữ-cat.11035853
2025-09-11 13:06:17,755 [INFO] Thread-5 (get_product_in_category) __main__: [Thread 4] Bắt đầu lấy sản phẩm trong category: https://shopee.vn/mall/Thời-Trang-Nam-cat.11035567
2025-09-11 13:06:22,364 [INFO] Thread-1 (get_product_in_category) funcs.load_cookies_to_driver: Đã load 38 cookies vào driver (từ data/cookies.json)
2025-09-11 13:06:22,675 [INFO] Thread-2 (get_product_in_category) funcs.load_cookies_to_driver: Đã load 38 cookies vào driver (từ data/cookies.json)
2025-09-11 13:06:23,152 [INFO] Thread-3 (get_product_in_category) funcs.load_cookies_to_driver: Đã load 38 cookies vào driver (từ data/cookies.json)
2025-09-11 13:06:23,892 [INFO] Thread-4 (get_product_in_category) funcs.load_cookies_to_driver: Đã load 38 cookies vào driver (từ data/cookies.json)
2025-09-11 13:06:24,013 [INFO] Thread-5 (get_product_in_category) funcs.load_cookies_to_driver: Đã load 38 cookies vào driver (từ data/cookies.json)
2025-09-11 13:06:37,874 [INFO] Thread-1 (get_product_in_category) __main__: [Thread 0] Category: https://shopee.vn/mall/Thể-Thao-Du-Lịch-cat.11035478 - Page 1 - Found 60 products
2025-09-11 13:06:41,459 [INFO] Thread-4 (get_product_in_category) __main__: [Thread 3] Category: https://shopee.vn/mall/Phụ-Kiện-Trang-Sức-Nữ-cat.11035853 - Page 1 - Found 60 products
2025-09-11 13:06:44,096 [INFO] Thread-5 (get_product_in_category) __main__: [Thread 4] Category: https://shopee.vn/mall/Thời-Trang-Nam-cat.11035567 - Page 1 - Found 60 products
2025-09-11 13:06:45,675 [INFO] Thread-3 (get_product_in_category) __main__: [Thread 2] Category: https://shopee.vn/mall/Mẹ-Bé-cat.11036194 - Page 1 - Found 60 products
2025-09-11 13:06:46,163 [INFO] Thread-2 (get_product_in_category) __main__: [Thread 1] Category: https://shopee.vn/mall/Máy-tính-Laptop-cat.11035954 - Page 1 - Found 60 products
2025-09-11 13:06:54,963 [INFO] Thread-1 (get_product_in_category) funcs.load_cookies_to_driver: Đã load 38 cookies vào driver (từ data/cookies.json)
2025-09-11 13:06:55,352 [INFO] Thread-4 (get_product_in_category) funcs.load_cookies_to_driver: Đã load 38 cookies vào driver (từ data/cookies.json)
2025-09-11 13:06:57,463 [INFO] Thread-2 (get_product_in_category) funcs.load_cookies_to_driver: Đã load 38 cookies vào driver (từ data/cookies.json)
2025-09-11 13:06:57,951 [INFO] Thread-5 (get_product_in_category) funcs.load_cookies_to_driver: Đã load 38 cookies vào driver (từ data/cookies.json)
2025-09-11 13:07:04,491 [INFO] Thread-3 (get_product_in_category) funcs.load_cookies_to_driver: Đã load 38 cookies vào driver (từ data/cookies.json)
2025-09-11 13:07:10,831 [INFO] Thread-1 (get_product_in_category) __main__: [Thread 0] Category: https://shopee.vn/mall/Thể-Thao-Du-Lịch-cat.11035478 - Page 2 - Found 60 products
2025-09-11 13:07:12,004 [INFO] Thread-4 (get_product_in_category) __main__: [Thread 3] Category: https://shopee.vn/mall/Phụ-Kiện-Trang-Sức-Nữ-cat.11035853 - Page 2 - Found 60 products
2025-09-11 13:07:15,480 [INFO] Thread-5 (get_product_in_category) __main__: [Thread 4] Category: https://shopee.vn/mall/Thời-Trang-Nam-cat.11035567 - Page 2 - Found 60 products
2025-09-11 13:07:15,792 [INFO] Thread-2 (get_product_in_category) __main__: [Thread 1] Category: https://shopee.vn/mall/Máy-tính-Laptop-cat.11035954 - Page 2 - Found 60 products
2025-09-11 13:07:20,708 [INFO] Thread-3 (get_product_in_category) __main__: [Thread 2] Category: https://shopee.vn/mall/Mẹ-Bé-cat.11036194 - Page 2 - Found 60 products
2025-09-11 13:07:23,338 [INFO] Thread-1 (get_product_in_category) funcs.load_cookies_to_driver: Đã load 38 cookies vào driver (từ data/cookies.json)
2025-09-11 13:07:26,791 [INFO] Thread-4 (get_product_in_category) funcs.load_cookies_to_driver: Đã load 38 cookies vào driver (từ data/cookies.json)
2025-09-11 13:07:30,752 [INFO] Thread-2 (get_product_in_category) funcs.load_cookies_to_driver: Đã load 38 cookies vào driver (từ data/cookies.json)
2025-09-11 13:07:31,940 [INFO] Thread-5 (get_product_in_category) funcs.load_cookies_to_driver: Đã load 38 cookies vào driver (từ data/cookies.json)
2025-09-11 13:07:38,016 [INFO] Thread-1 (get_product_in_category) __main__: [Thread 0] Category: https://shopee.vn/mall/Thể-Thao-Du-Lịch-cat.11035478 - Page 3 - Found 60 products
2025-09-11 13:07:38,482 [INFO] Thread-3 (get_product_in_category) funcs.load_cookies_to_driver: Đã load 38 cookies vào driver (từ data/cookies.json)
2025-09-11 13:07:49,287 [INFO] Thread-2 (get_product_in_category) __main__: [Thread 1] Category: https://shopee.vn/mall/Máy-tính-Laptop-cat.11035954 - Page 3 - Found 60 products
2025-09-11 13:07:49,505 [INFO] Thread-5 (get_product_in_category) __main__: [Thread 4] Category: https://shopee.vn/mall/Thời-Trang-Nam-cat.11035567 - Page 3 - Found 60 products
2025-09-11 13:07:51,707 [INFO] Thread-1 (get_product_in_category) funcs.load_cookies_to_driver: Đã load 38 cookies vào driver (từ data/cookies.json)
2025-09-11 13:07:54,678 [INFO] Thread-3 (get_product_in_category) __main__: [Thread 2] Category: https://shopee.vn/mall/Mẹ-Bé-cat.11036194 - Page 3 - Found 60 products
2025-09-11 13:07:57,039 [INFO] Thread-4 (get_product_in_category) __main__: [Thread 3] Category: https://shopee.vn/mall/Phụ-Kiện-Trang-Sức-Nữ-cat.11035853 - Page 3 - Found 60 products
2025-09-11 13:14:25,628 [INFO] Thread-1 (get_product_in_category) undetected_chromedriver.patcher: patching driver executable C:\Users\PC\appdata\roaming\undetected_chromedriver\undetected_chromedriver.exe
2025-09-11 13:14:28,877 [INFO] Thread-1 (get_product_in_category) __main__: [Thread 0] Bắt đầu lấy sản phẩm trong category: https://shopee.vn/mall/Thể-Thao-Du-Lịch-cat.11035478
2025-09-11 13:14:29,511 [INFO] Thread-2 (get_product_in_category) __main__: [Thread 1] Bắt đầu lấy sản phẩm trong category: https://shopee.vn/mall/Máy-tính-Laptop-cat.11035954
2025-09-11 13:14:31,093 [INFO] Thread-3 (get_product_in_category) __main__: [Thread 2] Bắt đầu lấy sản phẩm trong category: https://shopee.vn/mall/Mẹ-Bé-cat.11036194
2025-09-11 13:14:32,306 [INFO] Thread-4 (get_product_in_category) __main__: [Thread 3] Bắt đầu lấy sản phẩm trong category: https://shopee.vn/mall/Phụ-Kiện-Trang-Sức-Nữ-cat.11035853
2025-09-11 13:14:32,609 [INFO] Thread-5 (get_product_in_category) __main__: [Thread 4] Bắt đầu lấy sản phẩm trong category: https://shopee.vn/mall/Thời-Trang-Nam-cat.11035567
2025-09-11 13:14:36,429 [INFO] Thread-1 (get_product_in_category) funcs.load_cookies_to_driver: Đã load 38 cookies vào driver (từ data/cookies.json)
2025-09-11 13:14:38,291 [INFO] Thread-2 (get_product_in_category) funcs.load_cookies_to_driver: Đã load 38 cookies vào driver (từ data/cookies.json)
2025-09-11 13:14:38,569 [INFO] Thread-5 (get_product_in_category) funcs.load_cookies_to_driver: Đã load 38 cookies vào driver (từ data/cookies.json)
2025-09-11 13:14:39,108 [INFO] Thread-4 (get_product_in_category) funcs.load_cookies_to_driver: Đã load 38 cookies vào driver (từ data/cookies.json)
2025-09-11 13:14:39,323 [INFO] Thread-3 (get_product_in_category) funcs.load_cookies_to_driver: Đã load 38 cookies vào driver (từ data/cookies.json)
2025-09-11 13:14:55,083 [INFO] Thread-2 (get_product_in_category) __main__: [Thread 1] Category: https://shopee.vn/mall/Máy-tính-Laptop-cat.11035954 - Page 1 - Found 60 products
2025-09-11 13:14:55,879 [INFO] Thread-1 (get_product_in_category) __main__: [Thread 0] Category: https://shopee.vn/mall/Thể-Thao-Du-Lịch-cat.11035478 - Page 1 - Found 60 products
2025-09-11 13:14:58,451 [INFO] Thread-5 (get_product_in_category) __main__: [Thread 4] Category: https://shopee.vn/mall/Thời-Trang-Nam-cat.11035567 - Page 1 - Found 60 products
2025-09-11 13:14:58,587 [INFO] Thread-3 (get_product_in_category) __main__: [Thread 2] Category: https://shopee.vn/mall/Mẹ-Bé-cat.11036194 - Page 1 - Found 60 products
2025-09-11 13:15:01,349 [INFO] Thread-4 (get_product_in_category) __main__: [Thread 3] Category: https://shopee.vn/mall/Phụ-Kiện-Trang-Sức-Nữ-cat.11035853 - Page 1 - Found 60 products
2025-09-11 13:15:05,039 [INFO] Thread-2 (get_product_in_category) __main__: [Thread 1] Đã lưu 60 products vào d:\Project\Git\Metabrain_Shopee_crawler\data\Máy tính Laptop.json
2025-09-11 13:15:05,040 [INFO] Thread-2 (get_product_in_category) __main__: [Thread 1] Bắt đầu lấy sản phẩm trong category: https://shopee.vn/mall/Voucher-Dịch-vụ-cat.11035898
2025-09-11 13:15:06,492 [INFO] Thread-3 (get_product_in_category) __main__: [Thread 2] Đã lưu 60 products vào d:\Project\Git\Metabrain_Shopee_crawler\data\Mẹ Bé.json
2025-09-11 13:15:06,492 [INFO] Thread-3 (get_product_in_category) __main__: [Thread 2] Bắt đầu lấy sản phẩm trong category: https://shopee.vn/mall/Thú-cưng-cat.11036478
2025-09-11 13:15:06,559 [INFO] Thread-2 (get_product_in_category) funcs.load_cookies_to_driver: Đã load 38 cookies vào driver (từ data/cookies.json)
2025-09-11 13:15:08,212 [INFO] Thread-3 (get_product_in_category) funcs.load_cookies_to_driver: Đã load 38 cookies vào driver (từ data/cookies.json)
2025-09-11 13:15:11,140 [INFO] Thread-1 (get_product_in_category) __main__: [Thread 0] Đã lưu 60 products vào d:\Project\Git\Metabrain_Shopee_crawler\data\Thể Thao Du Lịch.json
2025-09-11 13:15:11,140 [INFO] Thread-1 (get_product_in_category) __main__: [Thread 0] Bắt đầu lấy sản phẩm trong category: https://shopee.vn/mall/Ô-tô-xe-máy-xe-đạp-cat.11036793
2025-09-11 13:15:11,358 [INFO] Thread-5 (get_product_in_category) __main__: [Thread 4] Đã lưu 60 products vào d:\Project\Git\Metabrain_Shopee_crawler\data\Thời Trang Nam.json
2025-09-11 13:15:11,358 [INFO] Thread-5 (get_product_in_category) __main__: [Thread 4] Bắt đầu lấy sản phẩm trong category: https://shopee.vn/mall/Giày-Dép-Nữ-cat.11035825
2025-09-11 13:15:11,951 [INFO] Thread-4 (get_product_in_category) __main__: [Thread 3] Đã lưu 60 products vào d:\Project\Git\Metabrain_Shopee_crawler\data\Phụ Kiện Trang Sức Nữ.json
2025-09-11 13:15:11,951 [INFO] Thread-4 (get_product_in_category) __main__: [Thread 3] Bắt đầu lấy sản phẩm trong category: https://shopee.vn/mall/Đồng-Hồ-cat.11035788
2025-09-11 13:15:15,777 [INFO] Thread-4 (get_product_in_category) funcs.load_cookies_to_driver: Đã load 38 cookies vào driver (từ data/cookies.json)
2025-09-11 13:15:15,802 [INFO] Thread-1 (get_product_in_category) funcs.load_cookies_to_driver: Đã load 38 cookies vào driver (từ data/cookies.json)
2025-09-11 13:15:16,055 [INFO] Thread-5 (get_product_in_category) funcs.load_cookies_to_driver: Đã load 38 cookies vào driver (từ data/cookies.json)
2025-09-11 13:15:28,432 [INFO] Thread-2 (get_product_in_category) __main__: [Thread 1] Category: https://shopee.vn/mall/Voucher-Dịch-vụ-cat.11035898 - Page 1 - Found 54 products
2025-09-11 13:15:28,671 [INFO] Thread-1 (get_product_in_category) __main__: [Thread 0] Category: https://shopee.vn/mall/Ô-tô-xe-máy-xe-đạp-cat.11036793 - Page 1 - Found 60 products
2025-09-11 13:15:28,679 [INFO] Thread-3 (get_product_in_category) __main__: [Thread 2] Category: https://shopee.vn/mall/Thú-cưng-cat.11036478 - Page 1 - Found 60 products
2025-09-11 13:15:30,444 [INFO] Thread-4 (get_product_in_category) __main__: [Thread 3] Category: https://shopee.vn/mall/Đồng-Hồ-cat.11035788 - Page 1 - Found 60 products
2025-09-11 13:15:32,928 [INFO] Thread-5 (get_product_in_category) __main__: [Thread 4] Category: https://shopee.vn/mall/Giày-Dép-Nữ-cat.11035825 - Page 1 - Found 60 products
2025-09-11 13:15:34,616 [INFO] Thread-2 (get_product_in_category) __main__: [Thread 1] Đã lưu 54 products vào d:\Project\Git\Metabrain_Shopee_crawler\data\Voucher Dịch vụ.json
2025-09-11 13:15:34,617 [INFO] Thread-2 (get_product_in_category) __main__: [Thread 1] Bắt đầu lấy sản phẩm trong category: https://shopee.vn/mall/Máy-ảnh-Máy-quay-phim-cat.11036101
2025-09-11 13:15:34,788 [INFO] Thread-3 (get_product_in_category) __main__: [Thread 2] Đã lưu 60 products vào d:\Project\Git\Metabrain_Shopee_crawler\data\Thú cưng.json
2025-09-11 13:15:34,789 [INFO] Thread-3 (get_product_in_category) __main__: [Thread 2] Bắt đầu lấy sản phẩm trong category: https://shopee.vn/mall/Nhà-Sách-Online-cat.11036863
2025-09-11 13:15:36,699 [INFO] Thread-2 (get_product_in_category) funcs.load_cookies_to_driver: Đã load 38 cookies vào driver (từ data/cookies.json)
2025-09-11 13:15:36,711 [INFO] Thread-3 (get_product_in_category) funcs.load_cookies_to_driver: Đã load 38 cookies vào driver (từ data/cookies.json)
2025-09-11 13:15:39,719 [INFO] Thread-4 (get_product_in_category) __main__: [Thread 3] Đã lưu 60 products vào d:\Project\Git\Metabrain_Shopee_crawler\data\Đồng Hồ.json
2025-09-11 13:15:39,719 [INFO] Thread-4 (get_product_in_category) __main__: [Thread 3] Bắt đầu lấy sản phẩm trong category: https://shopee.vn/mall/Thiết-Bị-Điện-Tử-cat.11036132
2025-09-11 13:15:39,728 [INFO] Thread-1 (get_product_in_category) __main__: [Thread 0] Đã lưu 60 products vào d:\Project\Git\Metabrain_Shopee_crawler\data\Ô tô xe máy xe đạp.json
2025-09-11 13:15:39,729 [INFO] Thread-1 (get_product_in_category) __main__: [Thread 0] Bắt đầu lấy sản phẩm trong category: https://shopee.vn/mall/Bách-hóa-Online-cat.11036525
2025-09-11 13:15:40,576 [INFO] Thread-5 (get_product_in_category) __main__: [Thread 4] Đã lưu 60 products vào d:\Project\Git\Metabrain_Shopee_crawler\data\Giày Dép Nữ.json
2025-09-11 13:15:40,582 [INFO] Thread-5 (get_product_in_category) __main__: [Thread 4] Bắt đầu lấy sản phẩm trong category: https://shopee.vn/mall/Thiết-Bị-Điện-Gia-Dụng-cat.11036971
2025-09-11 13:15:44,871 [INFO] Thread-5 (get_product_in_category) funcs.load_cookies_to_driver: Đã load 38 cookies vào driver (từ data/cookies.json)
2025-09-11 13:15:44,900 [INFO] Thread-1 (get_product_in_category) funcs.load_cookies_to_driver: Đã load 38 cookies vào driver (từ data/cookies.json)
2025-09-11 13:15:44,922 [INFO] Thread-4 (get_product_in_category) funcs.load_cookies_to_driver: Đã load 38 cookies vào driver (từ data/cookies.json)
2025-09-11 13:15:52,141 [INFO] Thread-3 (get_product_in_category) __main__: [Thread 2] Category: https://shopee.vn/mall/Nhà-Sách-Online-cat.11036863 - Page 1 - Found 60 products
2025-09-11 13:15:55,795 [INFO] Thread-2 (get_product_in_category) __main__: [Thread 1] Category: https://shopee.vn/mall/Máy-ảnh-Máy-quay-phim-cat.11036101 - Page 1 - Found 60 products
2025-09-11 13:16:00,002 [INFO] Thread-4 (get_product_in_category) __main__: [Thread 3] Category: https://shopee.vn/mall/Thiết-Bị-Điện-Tử-cat.11036132 - Page 1 - Found 60 products
2025-09-11 13:16:01,316 [INFO] Thread-5 (get_product_in_category) __main__: [Thread 4] Category: https://shopee.vn/mall/Thiết-Bị-Điện-Gia-Dụng-cat.11036971 - Page 1 - Found 60 products
2025-09-11 13:16:01,668 [INFO] Thread-1 (get_product_in_category) __main__: [Thread 0] Category: https://shopee.vn/mall/Bách-hóa-Online-cat.11036525 - Page 1 - Found 60 products
2025-09-11 13:16:02,861 [INFO] Thread-3 (get_product_in_category) __main__: [Thread 2] Đã lưu 60 products vào d:\Project\Git\Metabrain_Shopee_crawler\data\Nhà Sách Online.json
2025-09-11 13:16:02,861 [INFO] Thread-3 (get_product_in_category) __main__: [Thread 2] Bắt đầu lấy sản phẩm trong category: https://shopee.vn/mall/Thời-trang-trẻ-em-cat.11036382
2025-09-11 13:16:04,677 [INFO] Thread-2 (get_product_in_category) __main__: [Thread 1] Đã lưu 60 products vào d:\Project\Git\Metabrain_Shopee_crawler\data\Máy ảnh Máy quay phim.json
2025-09-11 13:16:04,677 [INFO] Thread-2 (get_product_in_category) __main__: [Thread 1] Bắt đầu lấy sản phẩm trong category: https://shopee.vn/mall/Thời-Trang-Nữ-cat.11035639
2025-09-11 13:16:05,204 [INFO] Thread-3 (get_product_in_category) funcs.load_cookies_to_driver: Đã load 38 cookies vào driver (từ data/cookies.json)
2025-09-11 13:16:06,913 [INFO] Thread-2 (get_product_in_category) funcs.load_cookies_to_driver: Đã load 38 cookies vào driver (từ data/cookies.json)
2025-09-11 13:16:10,026 [INFO] Thread-1 (get_product_in_category) __main__: [Thread 0] Đã lưu 60 products vào d:\Project\Git\Metabrain_Shopee_crawler\data\Bách hóa Online.json
2025-09-11 13:16:10,026 [INFO] Thread-1 (get_product_in_category) __main__: [Thread 0] Bắt đầu lấy sản phẩm trong category: https://shopee.vn/mall/Nhà-Cửa-Đời-Sống-cat.11036670
2025-09-11 13:16:12,626 [INFO] Thread-1 (get_product_in_category) funcs.load_cookies_to_driver: Đã load 38 cookies vào driver (từ data/cookies.json)
2025-09-11 13:16:14,600 [INFO] Thread-4 (get_product_in_category) __main__: [Thread 3] Đã lưu 60 products vào d:\Project\Git\Metabrain_Shopee_crawler\data\Thiết Bị Điện Tử.json
2025-09-11 13:16:14,600 [INFO] Thread-4 (get_product_in_category) __main__: [Thread 3] Bắt đầu lấy sản phẩm trong category: https://shopee.vn/mall/Giày-Dép-Nam-cat.11035801
2025-09-11 13:16:15,627 [INFO] Thread-5 (get_product_in_category) __main__: [Thread 4] Đã lưu 60 products vào d:\Project\Git\Metabrain_Shopee_crawler\data\Thiết Bị Điện Gia Dụng.json
2025-09-11 13:16:15,628 [INFO] Thread-5 (get_product_in_category) __main__: [Thread 4] Bắt đầu lấy sản phẩm trong category: https://shopee.vn/mall/Giặt-giũ-Chăm-sóc-nhà-cửa-cat.11036624
2025-09-11 13:16:18,691 [INFO] Thread-4 (get_product_in_category) funcs.load_cookies_to_driver: Đã load 38 cookies vào driver (từ data/cookies.json)
2025-09-11 13:16:18,715 [INFO] Thread-5 (get_product_in_category) funcs.load_cookies_to_driver: Đã load 38 cookies vào driver (từ data/cookies.json)
2025-09-11 13:16:20,746 [INFO] Thread-3 (get_product_in_category) __main__: [Thread 2] Category: https://shopee.vn/mall/Thời-trang-trẻ-em-cat.11036382 - Page 1 - Found 60 products
2025-09-11 13:16:24,689 [INFO] Thread-2 (get_product_in_category) __main__: [Thread 1] Category: https://shopee.vn/mall/Thời-Trang-Nữ-cat.11035639 - Page 1 - Found 60 products
2025-09-11 13:16:29,588 [INFO] Thread-1 (get_product_in_category) __main__: [Thread 0] Category: https://shopee.vn/mall/Nhà-Cửa-Đời-Sống-cat.11036670 - Page 1 - Found 60 products
2025-09-11 13:16:30,276 [INFO] Thread-3 (get_product_in_category) __main__: [Thread 2] Đã lưu 60 products vào d:\Project\Git\Metabrain_Shopee_crawler\data\Thời trang trẻ em.json
2025-09-11 13:16:30,276 [INFO] Thread-3 (get_product_in_category) __main__: [Thread 2] Bắt đầu lấy sản phẩm trong category: https://shopee.vn/mall/Điện-Thoại-và-Phụ-Kiện-cat.11036030
2025-09-11 13:16:31,561 [INFO] Thread-2 (get_product_in_category) __main__: [Thread 1] Đã lưu 60 products vào d:\Project\Git\Metabrain_Shopee_crawler\data\Thời Trang Nữ.json
2025-09-11 13:16:31,561 [INFO] Thread-2 (get_product_in_category) __main__: [Thread 1] Bắt đầu lấy sản phẩm trong category: https://shopee.vn/mall/Túi-Ví-Nữ-cat.11035761
2025-09-11 13:16:32,496 [INFO] Thread-3 (get_product_in_category) funcs.load_cookies_to_driver: Đã load 38 cookies vào driver (từ data/cookies.json)
2025-09-11 13:16:33,026 [INFO] Thread-5 (get_product_in_category) __main__: [Thread 4] Category: https://shopee.vn/mall/Giặt-giũ-Chăm-sóc-nhà-cửa-cat.11036624 - Page 1 - Found 60 products
2025-09-11 13:16:33,811 [INFO] Thread-2 (get_product_in_category) funcs.load_cookies_to_driver: Đã load 38 cookies vào driver (từ data/cookies.json)
2025-09-11 13:16:36,401 [INFO] Thread-4 (get_product_in_category) __main__: [Thread 3] Category: https://shopee.vn/mall/Giày-Dép-Nam-cat.11035801 - Page 1 - Found 60 products
2025-09-11 13:16:44,096 [INFO] Thread-5 (get_product_in_category) __main__: [Thread 4] Đã lưu 60 products vào d:\Project\Git\Metabrain_Shopee_crawler\data\Giặt giũ Chăm sóc nhà cửa.json
2025-09-11 13:16:44,097 [INFO] Thread-5 (get_product_in_category) __main__: [Thread 4] Bắt đầu lấy sản phẩm trong category: https://shopee.vn/mall/Sức-Khỏe-cat.11036345
2025-09-11 13:16:45,684 [INFO] Thread-1 (get_product_in_category) __main__: [Thread 0] Đã lưu 60 products vào d:\Project\Git\Metabrain_Shopee_crawler\data\Nhà Cửa Đời Sống.json
2025-09-11 13:16:45,684 [INFO] Thread-1 (get_product_in_category) __main__: [Thread 0] Bắt đầu lấy sản phẩm trong category: https://shopee.vn/mall/Sắc-Đẹp-cat.11036279
2025-09-11 13:16:45,842 [INFO] Thread-5 (get_product_in_category) funcs.load_cookies_to_driver: Đã load 38 cookies vào driver (từ data/cookies.json)
2025-09-11 13:16:47,503 [INFO] Thread-1 (get_product_in_category) funcs.load_cookies_to_driver: Đã load 38 cookies vào driver (từ data/cookies.json)
2025-09-11 13:16:51,201 [INFO] Thread-3 (get_product_in_category) __main__: [Thread 2] Category: https://shopee.vn/mall/Điện-Thoại-và-Phụ-Kiện-cat.11036030 - Page 1 - Found 60 products
2025-09-11 13:16:52,780 [INFO] Thread-4 (get_product_in_category) __main__: [Thread 3] Đã lưu 60 products vào d:\Project\Git\Metabrain_Shopee_crawler\data\Giày Dép Nam.json
2025-09-11 13:16:52,780 [INFO] Thread-4 (get_product_in_category) __main__: [Thread 3] Bắt đầu lấy sản phẩm trong category: https://shopee.vn/mall/Đồ-chơi-cat.11036932
2025-09-11 13:16:52,802 [INFO] Thread-2 (get_product_in_category) __main__: [Thread 1] Category: https://shopee.vn/mall/Túi-Ví-Nữ-cat.11035761 - Page 1 - Found 60 products
2025-09-11 13:16:54,839 [INFO] Thread-4 (get_product_in_category) funcs.load_cookies_to_driver: Đã load 38 cookies vào driver (từ data/cookies.json)
2025-09-11 13:17:00,775 [INFO] Thread-5 (get_product_in_category) __main__: [Thread 4] Category: https://shopee.vn/mall/Sức-Khỏe-cat.11036345 - Page 1 - Found 60 products
2025-09-11 13:17:03,135 [INFO] Thread-3 (get_product_in_category) __main__: [Thread 2] Đã lưu 60 products vào d:\Project\Git\Metabrain_Shopee_crawler\data\Điện Thoại và Phụ Kiện.json
2025-09-11 13:17:04,400 [INFO] Thread-2 (get_product_in_category) __main__: [Thread 1] Đã lưu 60 products vào d:\Project\Git\Metabrain_Shopee_crawler\data\Túi Ví Nữ.json
2025-09-11 13:17:09,663 [INFO] Thread-1 (get_product_in_category) __main__: [Thread 0] Category: https://shopee.vn/mall/Sắc-Đẹp-cat.11036279 - Page 1 - Found 60 products
2025-09-11 13:17:15,606 [INFO] Thread-5 (get_product_in_category) __main__: [Thread 4] Đã lưu 60 products vào d:\Project\Git\Metabrain_Shopee_crawler\data\Sức Khỏe.json
2025-09-11 13:17:16,300 [INFO] Thread-4 (get_product_in_category) __main__: [Thread 3] Category: https://shopee.vn/mall/Đồ-chơi-cat.11036932 - Page 1 - Found 60 products
2025-09-11 13:17:19,875 [INFO] Thread-1 (get_product_in_category) __main__: [Thread 0] Đã lưu 60 products vào d:\Project\Git\Metabrain_Shopee_crawler\data\Sắc Đẹp.json
2025-09-11 13:17:23,885 [INFO] Thread-4 (get_product_in_category) __main__: [Thread 3] Đã lưu 60 products vào d:\Project\Git\Metabrain_Shopee_crawler\data\Đồ chơi.json
2025-09-11 13:17:23,889 [INFO] MainThread uc: ensuring close
2025-09-11 13:17:23,890 [INFO] MainThread uc: ensuring close
2025-09-11 13:17:23,890 [INFO] MainThread uc: ensuring close
2025-09-11 13:17:23,891 [INFO] MainThread uc: ensuring close
2025-09-11 13:17:23,891 [INFO] MainThread uc: ensuring close
